07-29 17:57:32 com_github_MitjaNemec_Archive3DModels.action_archive_3d_models 220:Plugin executed on: 'linux'
07-29 17:57:32 com_github_MitjaNemec_Archive3DModels.action_archive_3d_models 221:Plugin executed with python version: '3.11.6 (main, Apr 10 2024, 17:26:07) [GCC 13.2.0]'
07-29 17:57:32 com_github_MitjaNemec_Archive3DModels.action_archive_3d_models 222:KiCad build version: 8.0.3-8.0.3-0~ubuntu23.10.1
07-29 17:57:32 com_github_MitjaNemec_Archive3DModels.action_archive_3d_models 223:Plugin version: 1.0.12

07-29 17:57:32 com_github_MitjaNemec_Archive3DModels.action_archive_3d_models 228:Screen sizes: [wx.Size(1920, 1080)]
07-29 17:57:32 com_github_MitjaNemec_Archive3DModels.action_archive_3d_models 235:Dialog size: wx.Size(213, 81)
07-29 17:57:32 com_github_MitjaNemec_Archive3DModels.action_archive_3d_models 237:Char size: 19
07-29 17:57:35 com_github_MitjaNemec_Archive3DModels.archive_3d_models 26:Starting to archive 3D models
07-29 17:57:35 com_github_MitjaNemec_Archive3DModels.archive_3d_models 47:Getting 3D models for footprint of: PS1
07-29 17:57:35 com_github_MitjaNemec_Archive3DModels.archive_3d_models 59:Trying to copy: ${KICAD8_3DMODEL_DIR}/Converter_ACDC.3dshapes/Converter_ACDC_Hi-Link_HLK-5Mxx.wrl
07-29 17:57:35 com_github_MitjaNemec_Archive3DModels.archive_3d_models 139:Remapping: ${KICAD8_3DMODEL_DIR}/Converter_ACDC.3dshapes/Converter_ACDC_Hi-Link_HLK-5Mxx.wrl
07-29 17:57:35 com_github_MitjaNemec_Archive3DModels.archive_3d_models 47:Getting 3D models for footprint of: SW2
07-29 17:57:35 com_github_MitjaNemec_Archive3DModels.archive_3d_models 59:Trying to copy: ${KICAD8_3DMODEL_DIR}/Button_Switch_SMD.3dshapes/SW_SPST_TL3342.wrl
07-29 17:57:35 com_github_MitjaNemec_Archive3DModels.archive_3d_models 139:Remapping: ${KICAD8_3DMODEL_DIR}/Button_Switch_SMD.3dshapes/SW_SPST_TL3342.wrl
07-29 17:57:35 com_github_MitjaNemec_Archive3DModels.archive_3d_models 47:Getting 3D models for footprint of: F3
07-29 17:57:35 com_github_MitjaNemec_Archive3DModels.archive_3d_models 59:Trying to copy: ${KICAD8_3DMODEL_DIR}/Fuse.3dshapes/Fuseholder_Cylinder-5x20mm_Schurter_0031_8201_Horizontal_Open.wrl
07-29 17:57:35 com_github_MitjaNemec_Archive3DModels.archive_3d_models 139:Remapping: ${KICAD8_3DMODEL_DIR}/Fuse.3dshapes/Fuseholder_Cylinder-5x20mm_Schurter_0031_8201_Horizontal_Open.wrl
07-29 17:57:35 com_github_MitjaNemec_Archive3DModels.archive_3d_models 47:Getting 3D models for footprint of: D1
07-29 17:57:35 com_github_MitjaNemec_Archive3DModels.archive_3d_models 59:Trying to copy: ${KICAD6_3DMODEL_DIR}/Diode_SMD.3dshapes/D_0603_1608Metric.wrl
07-29 17:57:35 com_github_MitjaNemec_Archive3DModels.archive_3d_models 74:Can not find model defined with enviroment variable:
${KICAD6_3DMODEL_DIR}/Diode_SMD.3dshapes/D_0603_1608Metric.wrl
07-29 17:57:35 com_github_MitjaNemec_Archive3DModels.archive_3d_models 135:Did not copy: ${KICAD6_3DMODEL_DIR}/Diode_SMD.3dshapes/D_0603_1608Metric.wrl
07-29 17:57:35 com_github_MitjaNemec_Archive3DModels.archive_3d_models 139:Remapping: ${KICAD6_3DMODEL_DIR}/Diode_SMD.3dshapes/D_0603_1608Metric.wrl
07-29 17:57:35 com_github_MitjaNemec_Archive3DModels.archive_3d_models 47:Getting 3D models for footprint of: FL1
07-29 17:57:35 com_github_MitjaNemec_Archive3DModels.archive_3d_models 59:Trying to copy: ${KICAD6_3DMODEL_DIR}/Inductor_THT.3dshapes/L_CommonMode_Toroid_Vertical_L19.3mm_W10.8mm_Px6.35mm_Py15.24mm_Bourns_8100.wrl
07-29 17:57:35 com_github_MitjaNemec_Archive3DModels.archive_3d_models 74:Can not find model defined with enviroment variable:
${KICAD6_3DMODEL_DIR}/Inductor_THT.3dshapes/L_CommonMode_Toroid_Vertical_L19.3mm_W10.8mm_Px6.35mm_Py15.24mm_Bourns_8100.wrl
07-29 17:57:35 com_github_MitjaNemec_Archive3DModels.archive_3d_models 135:Did not copy: ${KICAD6_3DMODEL_DIR}/Inductor_THT.3dshapes/L_CommonMode_Toroid_Vertical_L19.3mm_W10.8mm_Px6.35mm_Py15.24mm_Bourns_8100.wrl
07-29 17:57:35 com_github_MitjaNemec_Archive3DModels.archive_3d_models 139:Remapping: ${KICAD6_3DMODEL_DIR}/Inductor_THT.3dshapes/L_CommonMode_Toroid_Vertical_L19.3mm_W10.8mm_Px6.35mm_Py15.24mm_Bourns_8100.wrl
07-29 17:57:35 com_github_MitjaNemec_Archive3DModels.archive_3d_models 47:Getting 3D models for footprint of: R3
07-29 17:57:35 com_github_MitjaNemec_Archive3DModels.archive_3d_models 59:Trying to copy: ${KICAD8_3DMODEL_DIR}/Resistor_SMD.3dshapes/R_1206_3216Metric.wrl
07-29 17:57:35 com_github_MitjaNemec_Archive3DModels.archive_3d_models 139:Remapping: ${KICAD8_3DMODEL_DIR}/Resistor_SMD.3dshapes/R_1206_3216Metric.wrl
07-29 17:57:35 com_github_MitjaNemec_Archive3DModels.archive_3d_models 47:Getting 3D models for footprint of: C8
07-29 17:57:35 com_github_MitjaNemec_Archive3DModels.archive_3d_models 59:Trying to copy: ${KICAD8_3DMODEL_DIR}/Capacitor_THT.3dshapes/CP_Radial_D8.0mm_P5.00mm.wrl
07-29 17:57:35 com_github_MitjaNemec_Archive3DModels.archive_3d_models 139:Remapping: ${KICAD8_3DMODEL_DIR}/Capacitor_THT.3dshapes/CP_Radial_D8.0mm_P5.00mm.wrl
07-29 17:57:35 com_github_MitjaNemec_Archive3DModels.archive_3d_models 47:Getting 3D models for footprint of: D2
07-29 17:57:35 com_github_MitjaNemec_Archive3DModels.archive_3d_models 59:Trying to copy: ${KICAD6_3DMODEL_DIR}/Diode_SMD.3dshapes/D_0603_1608Metric.wrl
07-29 17:57:35 com_github_MitjaNemec_Archive3DModels.archive_3d_models 74:Can not find model defined with enviroment variable:
${KICAD6_3DMODEL_DIR}/Diode_SMD.3dshapes/D_0603_1608Metric.wrl
07-29 17:57:35 com_github_MitjaNemec_Archive3DModels.archive_3d_models 135:Did not copy: ${KICAD6_3DMODEL_DIR}/Diode_SMD.3dshapes/D_0603_1608Metric.wrl
07-29 17:57:35 com_github_MitjaNemec_Archive3DModels.archive_3d_models 139:Remapping: ${KICAD6_3DMODEL_DIR}/Diode_SMD.3dshapes/D_0603_1608Metric.wrl
07-29 17:57:35 com_github_MitjaNemec_Archive3DModels.archive_3d_models 47:Getting 3D models for footprint of: R6
07-29 17:57:35 com_github_MitjaNemec_Archive3DModels.archive_3d_models 59:Trying to copy: ${KICAD8_3DMODEL_DIR}/Resistor_SMD.3dshapes/R_1206_3216Metric.wrl
07-29 17:57:35 com_github_MitjaNemec_Archive3DModels.archive_3d_models 139:Remapping: ${KICAD8_3DMODEL_DIR}/Resistor_SMD.3dshapes/R_1206_3216Metric.wrl
07-29 17:57:35 com_github_MitjaNemec_Archive3DModels.archive_3d_models 47:Getting 3D models for footprint of: U1
07-29 17:57:35 com_github_MitjaNemec_Archive3DModels.archive_3d_models 59:Trying to copy: ${KICAD8_3RD_PARTY}/3dmodels/com_github_espressif_kicad-libraries/espressif.3dshapes/ESP32-WROOM-32E.STEP
07-29 17:57:35 com_github_MitjaNemec_Archive3DModels.archive_3d_models 139:Remapping: ${KICAD8_3RD_PARTY}/3dmodels/com_github_espressif_kicad-libraries/espressif.3dshapes/ESP32-WROOM-32E.STEP
07-29 17:57:35 com_github_MitjaNemec_Archive3DModels.archive_3d_models 47:Getting 3D models for footprint of: J3
07-29 17:57:35 com_github_MitjaNemec_Archive3DModels.archive_3d_models 59:Trying to copy: ${KICAD8_3DMODEL_DIR}/TerminalBlock_Phoenix.3dshapes/TerminalBlock_Phoenix_MKDS-1,5-2_1x02_P5.00mm_Horizontal.wrl
07-29 17:57:35 com_github_MitjaNemec_Archive3DModels.archive_3d_models 139:Remapping: ${KICAD8_3DMODEL_DIR}/TerminalBlock_Phoenix.3dshapes/TerminalBlock_Phoenix_MKDS-1,5-2_1x02_P5.00mm_Horizontal.wrl
07-29 17:57:35 com_github_MitjaNemec_Archive3DModels.archive_3d_models 47:Getting 3D models for footprint of: J2
07-29 17:57:35 com_github_MitjaNemec_Archive3DModels.archive_3d_models 59:Trying to copy: ${KICAD8_3DMODEL_DIR}/TerminalBlock_Phoenix.3dshapes/TerminalBlock_Phoenix_MKDS-1,5-2_1x02_P5.00mm_Horizontal.wrl
07-29 17:57:35 com_github_MitjaNemec_Archive3DModels.archive_3d_models 139:Remapping: ${KICAD8_3DMODEL_DIR}/TerminalBlock_Phoenix.3dshapes/TerminalBlock_Phoenix_MKDS-1,5-2_1x02_P5.00mm_Horizontal.wrl
07-29 17:57:35 com_github_MitjaNemec_Archive3DModels.archive_3d_models 47:Getting 3D models for footprint of: F1
07-29 17:57:35 com_github_MitjaNemec_Archive3DModels.archive_3d_models 59:Trying to copy: ${KICAD8_3DMODEL_DIR}/Fuse.3dshapes/Fuseholder_Cylinder-5x20mm_Schurter_0031_8201_Horizontal_Open.wrl
07-29 17:57:35 com_github_MitjaNemec_Archive3DModels.archive_3d_models 139:Remapping: ${KICAD8_3DMODEL_DIR}/Fuse.3dshapes/Fuseholder_Cylinder-5x20mm_Schurter_0031_8201_Horizontal_Open.wrl
07-29 17:57:35 com_github_MitjaNemec_Archive3DModels.archive_3d_models 47:Getting 3D models for footprint of: SW1
07-29 17:57:35 com_github_MitjaNemec_Archive3DModels.archive_3d_models 59:Trying to copy: ${KICAD8_3DMODEL_DIR}/Button_Switch_SMD.3dshapes/SW_SPST_TL3342.wrl
07-29 17:57:35 com_github_MitjaNemec_Archive3DModels.archive_3d_models 139:Remapping: ${KICAD8_3DMODEL_DIR}/Button_Switch_SMD.3dshapes/SW_SPST_TL3342.wrl
07-29 17:57:35 com_github_MitjaNemec_Archive3DModels.archive_3d_models 47:Getting 3D models for footprint of: F2
07-29 17:57:35 com_github_MitjaNemec_Archive3DModels.archive_3d_models 59:Trying to copy: ${KICAD8_3DMODEL_DIR}/Fuse.3dshapes/Fuseholder_Cylinder-5x20mm_Schurter_0031_8201_Horizontal_Open.wrl
07-29 17:57:35 com_github_MitjaNemec_Archive3DModels.archive_3d_models 139:Remapping: ${KICAD8_3DMODEL_DIR}/Fuse.3dshapes/Fuseholder_Cylinder-5x20mm_Schurter_0031_8201_Horizontal_Open.wrl
07-29 17:57:35 com_github_MitjaNemec_Archive3DModels.archive_3d_models 47:Getting 3D models for footprint of: K2
07-29 17:57:35 com_github_MitjaNemec_Archive3DModels.archive_3d_models 59:Trying to copy: /home/user/myProg/IOTV_PCB/lib/g3mb-202/G3MB202PDC12.step
07-29 17:57:35 com_github_MitjaNemec_Archive3DModels.archive_3d_models 139:Remapping: /home/user/myProg/IOTV_PCB/lib/g3mb-202/G3MB202PDC12.step
07-29 17:57:35 com_github_MitjaNemec_Archive3DModels.archive_3d_models 47:Getting 3D models for footprint of: J4
07-29 17:57:35 com_github_MitjaNemec_Archive3DModels.archive_3d_models 59:Trying to copy: ${KICAD8_3DMODEL_DIR}/TerminalBlock_Phoenix.3dshapes/TerminalBlock_Phoenix_MKDS-1,5-2_1x02_P5.00mm_Horizontal.wrl
07-29 17:57:35 com_github_MitjaNemec_Archive3DModels.archive_3d_models 139:Remapping: ${KICAD8_3DMODEL_DIR}/TerminalBlock_Phoenix.3dshapes/TerminalBlock_Phoenix_MKDS-1,5-2_1x02_P5.00mm_Horizontal.wrl
07-29 17:57:35 com_github_MitjaNemec_Archive3DModels.archive_3d_models 47:Getting 3D models for footprint of: RVe1
07-29 17:57:35 com_github_MitjaNemec_Archive3DModels.archive_3d_models 59:Trying to copy: ${KICAD8_3DMODEL_DIR}/Varistor.3dshapes/RV_Disc_D21.5mm_W4.8mm_P10mm.wrl
07-29 17:57:35 com_github_MitjaNemec_Archive3DModels.archive_3d_models 139:Remapping: ${KICAD8_3DMODEL_DIR}/Varistor.3dshapes/RV_Disc_D21.5mm_W4.8mm_P10mm.wrl
07-29 17:57:35 com_github_MitjaNemec_Archive3DModels.archive_3d_models 47:Getting 3D models for footprint of: K1
07-29 17:57:35 com_github_MitjaNemec_Archive3DModels.archive_3d_models 59:Trying to copy: /home/user/myProg/IOTV_PCB/lib/g3mb-202/G3MB202PDC12.step
07-29 17:57:35 com_github_MitjaNemec_Archive3DModels.archive_3d_models 139:Remapping: /home/user/myProg/IOTV_PCB/lib/g3mb-202/G3MB202PDC12.step
07-29 17:57:35 com_github_MitjaNemec_Archive3DModels.archive_3d_models 47:Getting 3D models for footprint of: F4
07-29 17:57:35 com_github_MitjaNemec_Archive3DModels.archive_3d_models 59:Trying to copy: ${KICAD8_3DMODEL_DIR}/Fuse.3dshapes/Fuseholder_Cylinder-5x20mm_Schurter_0031_8201_Horizontal_Open.wrl
07-29 17:57:35 com_github_MitjaNemec_Archive3DModels.archive_3d_models 139:Remapping: ${KICAD8_3DMODEL_DIR}/Fuse.3dshapes/Fuseholder_Cylinder-5x20mm_Schurter_0031_8201_Horizontal_Open.wrl
07-29 17:57:35 com_github_MitjaNemec_Archive3DModels.archive_3d_models 47:Getting 3D models for footprint of: C7
07-29 17:57:35 com_github_MitjaNemec_Archive3DModels.archive_3d_models 59:Trying to copy: ${KICAD8_3DMODEL_DIR}/Capacitor_THT.3dshapes/C_Rect_L13.0mm_W5.0mm_P10.00mm_FKS3_FKP3_MKS4.wrl
07-29 17:57:35 com_github_MitjaNemec_Archive3DModels.archive_3d_models 139:Remapping: ${KICAD8_3DMODEL_DIR}/Capacitor_THT.3dshapes/C_Rect_L13.0mm_W5.0mm_P10.00mm_FKS3_FKP3_MKS4.wrl
07-29 17:57:35 com_github_MitjaNemec_Archive3DModels.archive_3d_models 47:Getting 3D models for footprint of: J1
07-29 17:57:35 com_github_MitjaNemec_Archive3DModels.archive_3d_models 59:Trying to copy: ${KICAD8_3DMODEL_DIR}/TerminalBlock_Phoenix.3dshapes/TerminalBlock_Phoenix_MKDS-1,5-2_1x02_P5.00mm_Horizontal.wrl
07-29 17:57:35 com_github_MitjaNemec_Archive3DModels.archive_3d_models 139:Remapping: ${KICAD8_3DMODEL_DIR}/TerminalBlock_Phoenix.3dshapes/TerminalBlock_Phoenix_MKDS-1,5-2_1x02_P5.00mm_Horizontal.wrl
07-29 17:57:35 com_github_MitjaNemec_Archive3DModels.archive_3d_models 47:Getting 3D models for footprint of: J_I2C1
07-29 17:57:35 com_github_MitjaNemec_Archive3DModels.archive_3d_models 59:Trying to copy: ${KICAD8_3DMODEL_DIR}/Connector_PinHeader_2.54mm.3dshapes/PinHeader_1x04_P2.54mm_Vertical.wrl
07-29 17:57:35 com_github_MitjaNemec_Archive3DModels.archive_3d_models 139:Remapping: ${KICAD8_3DMODEL_DIR}/Connector_PinHeader_2.54mm.3dshapes/PinHeader_1x04_P2.54mm_Vertical.wrl
07-29 17:57:35 com_github_MitjaNemec_Archive3DModels.archive_3d_models 47:Getting 3D models for footprint of: D4
07-29 17:57:35 com_github_MitjaNemec_Archive3DModels.archive_3d_models 59:Trying to copy: ${KICAD6_3DMODEL_DIR}/Diode_SMD.3dshapes/D_0603_1608Metric.wrl
07-29 17:57:35 com_github_MitjaNemec_Archive3DModels.archive_3d_models 74:Can not find model defined with enviroment variable:
${KICAD6_3DMODEL_DIR}/Diode_SMD.3dshapes/D_0603_1608Metric.wrl
07-29 17:57:35 com_github_MitjaNemec_Archive3DModels.archive_3d_models 135:Did not copy: ${KICAD6_3DMODEL_DIR}/Diode_SMD.3dshapes/D_0603_1608Metric.wrl
07-29 17:57:35 com_github_MitjaNemec_Archive3DModels.archive_3d_models 139:Remapping: ${KICAD6_3DMODEL_DIR}/Diode_SMD.3dshapes/D_0603_1608Metric.wrl
07-29 17:57:35 com_github_MitjaNemec_Archive3DModels.archive_3d_models 47:Getting 3D models for footprint of: D3
07-29 17:57:35 com_github_MitjaNemec_Archive3DModels.archive_3d_models 59:Trying to copy: ${KICAD6_3DMODEL_DIR}/Diode_SMD.3dshapes/D_0603_1608Metric.wrl
07-29 17:57:35 com_github_MitjaNemec_Archive3DModels.archive_3d_models 74:Can not find model defined with enviroment variable:
${KICAD6_3DMODEL_DIR}/Diode_SMD.3dshapes/D_0603_1608Metric.wrl
07-29 17:57:35 com_github_MitjaNemec_Archive3DModels.archive_3d_models 135:Did not copy: ${KICAD6_3DMODEL_DIR}/Diode_SMD.3dshapes/D_0603_1608Metric.wrl
07-29 17:57:35 com_github_MitjaNemec_Archive3DModels.archive_3d_models 139:Remapping: ${KICAD6_3DMODEL_DIR}/Diode_SMD.3dshapes/D_0603_1608Metric.wrl
07-29 17:57:35 com_github_MitjaNemec_Archive3DModels.archive_3d_models 47:Getting 3D models for footprint of: J_UART1
07-29 17:57:35 com_github_MitjaNemec_Archive3DModels.archive_3d_models 59:Trying to copy: ${KICAD8_3DMODEL_DIR}/Connector_PinHeader_2.54mm.3dshapes/PinHeader_1x04_P2.54mm_Vertical.wrl
07-29 17:57:35 com_github_MitjaNemec_Archive3DModels.archive_3d_models 139:Remapping: ${KICAD8_3DMODEL_DIR}/Connector_PinHeader_2.54mm.3dshapes/PinHeader_1x04_P2.54mm_Vertical.wrl
07-29 17:57:35 com_github_MitjaNemec_Archive3DModels.archive_3d_models 47:Getting 3D models for footprint of: R5
07-29 17:57:35 com_github_MitjaNemec_Archive3DModels.archive_3d_models 59:Trying to copy: ${KICAD8_3DMODEL_DIR}/Resistor_SMD.3dshapes/R_1206_3216Metric.wrl
07-29 17:57:35 com_github_MitjaNemec_Archive3DModels.archive_3d_models 139:Remapping: ${KICAD8_3DMODEL_DIR}/Resistor_SMD.3dshapes/R_1206_3216Metric.wrl
07-29 17:57:35 com_github_MitjaNemec_Archive3DModels.archive_3d_models 47:Getting 3D models for footprint of: R4
07-29 17:57:35 com_github_MitjaNemec_Archive3DModels.archive_3d_models 59:Trying to copy: ${KICAD8_3DMODEL_DIR}/Resistor_SMD.3dshapes/R_1206_3216Metric.wrl
07-29 17:57:35 com_github_MitjaNemec_Archive3DModels.archive_3d_models 139:Remapping: ${KICAD8_3DMODEL_DIR}/Resistor_SMD.3dshapes/R_1206_3216Metric.wrl
07-29 17:57:35 com_github_MitjaNemec_Archive3DModels.archive_3d_models 47:Getting 3D models for footprint of: K3
07-29 17:57:35 com_github_MitjaNemec_Archive3DModels.archive_3d_models 59:Trying to copy: /home/user/myProg/IOTV_PCB/lib/g3mb-202/G3MB202PDC12.step
07-29 17:57:35 com_github_MitjaNemec_Archive3DModels.archive_3d_models 139:Remapping: /home/user/myProg/IOTV_PCB/lib/g3mb-202/G3MB202PDC12.step
07-29 17:57:35 com_github_MitjaNemec_Archive3DModels.archive_3d_models 47:Getting 3D models for footprint of: Q3
07-29 17:57:35 com_github_MitjaNemec_Archive3DModels.archive_3d_models 59:Trying to copy: ${KICAD8_3DMODEL_DIR}/Package_TO_SOT_SMD.3dshapes/SOT-23.wrl
07-29 17:57:35 com_github_MitjaNemec_Archive3DModels.archive_3d_models 139:Remapping: ${KICAD8_3DMODEL_DIR}/Package_TO_SOT_SMD.3dshapes/SOT-23.wrl
07-29 17:57:35 com_github_MitjaNemec_Archive3DModels.archive_3d_models 47:Getting 3D models for footprint of: U2
07-29 17:57:35 com_github_MitjaNemec_Archive3DModels.archive_3d_models 59:Trying to copy: ${KICAD8_3DMODEL_DIR}/Package_TO_SOT_SMD.3dshapes/SOT-223.wrl
07-29 17:57:35 com_github_MitjaNemec_Archive3DModels.archive_3d_models 139:Remapping: ${KICAD8_3DMODEL_DIR}/Package_TO_SOT_SMD.3dshapes/SOT-223.wrl
07-29 17:57:35 com_github_MitjaNemec_Archive3DModels.archive_3d_models 47:Getting 3D models for footprint of: C1
07-29 17:57:35 com_github_MitjaNemec_Archive3DModels.archive_3d_models 59:Trying to copy: ${KICAD8_3DMODEL_DIR}/Capacitor_SMD.3dshapes/C_1206_3216Metric.wrl
07-29 17:57:35 com_github_MitjaNemec_Archive3DModels.archive_3d_models 139:Remapping: ${KICAD8_3DMODEL_DIR}/Capacitor_SMD.3dshapes/C_1206_3216Metric.wrl
07-29 17:57:35 com_github_MitjaNemec_Archive3DModels.archive_3d_models 47:Getting 3D models for footprint of: C2
07-29 17:57:35 com_github_MitjaNemec_Archive3DModels.archive_3d_models 59:Trying to copy: ${KICAD8_3DMODEL_DIR}/Capacitor_SMD.3dshapes/C_1206_3216Metric.wrl
07-29 17:57:35 com_github_MitjaNemec_Archive3DModels.archive_3d_models 139:Remapping: ${KICAD8_3DMODEL_DIR}/Capacitor_SMD.3dshapes/C_1206_3216Metric.wrl
07-29 17:57:35 com_github_MitjaNemec_Archive3DModels.archive_3d_models 47:Getting 3D models for footprint of: Q2
07-29 17:57:35 com_github_MitjaNemec_Archive3DModels.archive_3d_models 59:Trying to copy: ${KICAD8_3DMODEL_DIR}/Package_TO_SOT_SMD.3dshapes/SOT-23.wrl
07-29 17:57:35 com_github_MitjaNemec_Archive3DModels.archive_3d_models 139:Remapping: ${KICAD8_3DMODEL_DIR}/Package_TO_SOT_SMD.3dshapes/SOT-23.wrl
07-29 17:57:35 com_github_MitjaNemec_Archive3DModels.archive_3d_models 47:Getting 3D models for footprint of: Q1
07-29 17:57:35 com_github_MitjaNemec_Archive3DModels.archive_3d_models 59:Trying to copy: ${KICAD8_3DMODEL_DIR}/Package_TO_SOT_SMD.3dshapes/SOT-23.wrl
07-29 17:57:35 com_github_MitjaNemec_Archive3DModels.archive_3d_models 139:Remapping: ${KICAD8_3DMODEL_DIR}/Package_TO_SOT_SMD.3dshapes/SOT-23.wrl
07-29 17:57:35 com_github_MitjaNemec_Archive3DModels.archive_3d_models 47:Getting 3D models for footprint of: R1
07-29 17:57:35 com_github_MitjaNemec_Archive3DModels.archive_3d_models 59:Trying to copy: ${KICAD8_3DMODEL_DIR}/Resistor_SMD.3dshapes/R_1206_3216Metric.wrl
07-29 17:57:35 com_github_MitjaNemec_Archive3DModels.archive_3d_models 139:Remapping: ${KICAD8_3DMODEL_DIR}/Resistor_SMD.3dshapes/R_1206_3216Metric.wrl
07-29 17:57:35 com_github_MitjaNemec_Archive3DModels.archive_3d_models 47:Getting 3D models for footprint of: R2
07-29 17:57:35 com_github_MitjaNemec_Archive3DModels.archive_3d_models 59:Trying to copy: ${KICAD8_3DMODEL_DIR}/Resistor_SMD.3dshapes/R_1206_3216Metric.wrl
07-29 17:57:35 com_github_MitjaNemec_Archive3DModels.archive_3d_models 139:Remapping: ${KICAD8_3DMODEL_DIR}/Resistor_SMD.3dshapes/R_1206_3216Metric.wrl
07-29 17:57:35 com_github_MitjaNemec_Archive3DModels.archive_3d_models 47:Getting 3D models for footprint of: C5
07-29 17:57:35 com_github_MitjaNemec_Archive3DModels.archive_3d_models 59:Trying to copy: ${KICAD8_3DMODEL_DIR}/Capacitor_SMD.3dshapes/C_1206_3216Metric.wrl
07-29 17:57:35 com_github_MitjaNemec_Archive3DModels.archive_3d_models 139:Remapping: ${KICAD8_3DMODEL_DIR}/Capacitor_SMD.3dshapes/C_1206_3216Metric.wrl
07-29 17:57:35 com_github_MitjaNemec_Archive3DModels.archive_3d_models 47:Getting 3D models for footprint of: C6
07-29 17:57:35 com_github_MitjaNemec_Archive3DModels.archive_3d_models 59:Trying to copy: ${KICAD8_3DMODEL_DIR}/Capacitor_SMD.3dshapes/C_1206_3216Metric.wrl
07-29 17:57:35 com_github_MitjaNemec_Archive3DModels.archive_3d_models 139:Remapping: ${KICAD8_3DMODEL_DIR}/Capacitor_SMD.3dshapes/C_1206_3216Metric.wrl
07-29 17:57:35 com_github_MitjaNemec_Archive3DModels.archive_3d_models 47:Getting 3D models for footprint of: C3
07-29 17:57:35 com_github_MitjaNemec_Archive3DModels.archive_3d_models 59:Trying to copy: ${KICAD8_3DMODEL_DIR}/Capacitor_SMD.3dshapes/C_1206_3216Metric.wrl
07-29 17:57:35 com_github_MitjaNemec_Archive3DModels.archive_3d_models 139:Remapping: ${KICAD8_3DMODEL_DIR}/Capacitor_SMD.3dshapes/C_1206_3216Metric.wrl
07-29 17:57:35 com_github_MitjaNemec_Archive3DModels.archive_3d_models 47:Getting 3D models for footprint of: C4
07-29 17:57:35 com_github_MitjaNemec_Archive3DModels.archive_3d_models 59:Trying to copy: ${KICAD8_3DMODEL_DIR}/Capacitor_SMD.3dshapes/C_1206_3216Metric.wrl
07-29 17:57:35 com_github_MitjaNemec_Archive3DModels.archive_3d_models 139:Remapping: ${KICAD8_3DMODEL_DIR}/Capacitor_SMD.3dshapes/C_1206_3216Metric.wrl
07-29 17:57:35 com_github_MitjaNemec_Archive3DModels.archive_3d_models 153:Did not succeed to copy 3D models!
('D1', '${KICAD6_3DMODEL_DIR}/Diode_SMD.3dshapes/D_0603_1608Metric.wrl')
('FL1', '${KICAD6_3DMODEL_DIR}/Inductor_THT.3dshapes/L_CommonMode_Toroid_Vertical_L19.3mm_W10.8mm_Px6.35mm_Py15.24mm_Bourns_8100.wrl')
('D2', '${KICAD6_3DMODEL_DIR}/Diode_SMD.3dshapes/D_0603_1608Metric.wrl')
('D4', '${KICAD6_3DMODEL_DIR}/Diode_SMD.3dshapes/D_0603_1608Metric.wrl')
('D3', '${KICAD6_3DMODEL_DIR}/Diode_SMD.3dshapes/D_0603_1608Metric.wrl')
